2026/05/22 22:44:05 INFO http_request method=GET path=/health status=200 latency=3.9562ms
2026/05/22 22:44:40 INFO http_request method=OPTIONS path=/auth/refresh status=204 latency=0s
2026/05/22 22:44:40 INFO http_request method=POST path=/auth/refresh status=401 latency=89.134ms
2026/05/22 22:44:40 INFO http_request method=OPTIONS path=/auth/register status=204 latency=346.1µs
2026/05/22 22:44:40 INFO http_request method=POST path=/auth/register status=201 latency=205.9775ms
2026/05/22 22:44:40 INFO http_request method=OPTIONS path=/feed/latest status=204 latency=0s
2026/05/22 22:44:41 INFO http_request method=POST path=/feed/latest status=200 latency=68.8815ms
2026/05/22 22:44:41 INFO http_request method=GET path=/posts/attachments/:id status=200 latency=4.2045ms
2026/05/22 22:44:41 INFO http_request method=GET path=/posts/attachments/:id status=200 latency=1.5896ms
2026/05/22 22:44:41 INFO http_request method=GET path=/ws/feed status=403 latency=31.2407ms
2026/05/22 22:44:42 INFO http_request method=GET path=/ws/feed status=403 latency=619.9µs
2026/05/22 22:44:44 INFO http_request method=GET path=/ws/feed status=403 latency=542µs
2026/05/22 22:44:45 INFO http_request method=GET path=/ws/feed status=403 latency=646.8µs
2026/05/22 22:44:45 INFO http_request method=POST path=/feed/latest status=200 latency=3.4856ms
2026/05/22 22:44:47 INFO http_request method=GET path=/ws/feed status=403 latency=370.2µs
2026/05/22 22:44:48 INFO http_request method=GET path=/ws/feed status=403 latency=361.2µs
2026/05/22 22:44:50 INFO http_request method=GET path=/ws/feed status=403 latency=518.8µs
2026/05/22 22:44:51 INFO http_request method=GET path=/ws/feed status=403 latency=486.9µs
2026/05/22 22:44:53 INFO http_request method=GET path=/ws/feed status=403 latency=751µs
2026/05/22 22:44:55 INFO http_request method=GET path=/ws/feed status=403 latency=0s
2026/05/22 22:44:57 INFO http_request method=GET path=/ws/feed status=403 latency=596.1µs
2026/05/22 22:44:58 INFO http_request method=GET path=/ws/feed status=403 latency=510.2µs
2026/05/22 22:45:00 INFO http_request method=GET path=/health status=200 latency=1.9853ms
2026/05/22 22:45:00 INFO http_request method=GET path=/favicon.ico status=404 latency=0s
2026/05/22 22:45:01 INFO http_request method=GET path=/ws/feed status=403 latency=41.2115ms
2026/05/22 22:45:02 INFO http_request method=GET path=/ws/feed status=403 latency=427.2µs
2026/05/22 22:45:04 INFO http_request method=GET path=/ws/feed status=403 latency=545.9µs
2026/05/22 22:45:05 INFO http_request method=GET path=/ws/feed status=403 latency=511µs
2026/05/22 22:45:08 INFO http_request method=GET path=/ws/feed status=403 latency=527.7µs
2026/05/22 22:45:10 INFO http_request method=GET path=/ws/feed status=403 latency=471.9µs
2026/05/22 22:45:12 INFO http_request method=GET path=/ws/feed status=403 latency=499.1µs
2026/05/22 22:45:14 INFO http_request method=GET path=/ws/feed status=403 latency=418.2µs
2026/05/22 22:45:16 INFO http_request method=GET path=/ws/feed status=403 latency=1.046ms
2026/05/22 22:45:18 INFO http_request method=GET path=/ws/feed status=403 latency=357.8µs
2026/05/22 22:45:20 INFO http_request method=GET path=/ws/feed status=403 latency=470.3µs
2026/05/22 22:45:22 INFO http_request method=GET path=/ws/feed status=403 latency=592.7µs
2026/05/22 22:45:24 INFO http_request method=GET path=/ws/feed status=403 latency=645.6µs
2026/05/22 22:45:26 INFO http_request method=GET path=/ws/feed status=403 latency=499.1µs
2026/05/22 22:45:28 INFO http_request method=GET path=/ws/feed status=403 latency=515.9µs
2026/05/22 22:45:31 INFO http_request method=GET path=/ws/feed status=403 latency=480.7µs
2026/05/22 22:45:33 INFO http_request method=GET path=/ws/feed status=403 latency=0s
2026/05/22 22:45:35 INFO http_request method=GET path=/ws/feed status=403 latency=485.2µs
2026/05/22 22:45:39 INFO http_request method=GET path=/ws/feed status=403 latency=0s
2026/05/22 22:45:41 INFO http_request method=GET path=/ws/feed status=403 latency=0s
2026/05/22 22:45:44 INFO http_request method=GET path=/ws/feed status=403 latency=601.5µs
2026/05/22 22:45:49 INFO http_request method=GET path=/ws/feed status=403 latency=510.6µs
2026/05/22 22:45:54 INFO http_request method=GET path=/ws/feed status=403 latency=550.4µs
2026/05/22 22:46:01 INFO http_request method=GET path=/ws/feed status=403 latency=1.0061ms
2026/05/22 22:46:08 INFO http_request method=GET path=/ws/feed status=403 latency=509.5µs
2026/05/22 22:46:14 INFO http_request method=GET path=/ws/feed status=403 latency=637.4µs
2026/05/22 22:46:20 INFO http_request method=GET path=/ws/feed status=403 latency=460.7µs
2026/05/22 22:46:25 INFO http_request method=GET path=/ws/feed status=403 latency=532.5µs
2026/05/22 22:46:30 INFO http_request method=GET path=/ws/feed status=403 latency=558.7µs
2026/05/22 22:46:35 INFO http_request method=GET path=/ws/feed status=403 latency=431.2µs
2026/05/22 22:46:41 INFO http_request method=GET path=/ws/feed status=403 latency=0s
2026/05/22 22:46:46 INFO http_request method=GET path=/ws/feed status=403 latency=533.6µs
2026/05/22 22:46:51 INFO http_request method=GET path=/ws/feed status=403 latency=572.1µs
2026/05/22 22:46:58 INFO http_request method=GET path=/ws/feed status=403 latency=518.8µs
2026/05/22 22:47:05 INFO http_request method=GET path=/ws/feed status=403 latency=514.3µs
2026/05/22 22:47:09 INFO http_request method=GET path=/ws/feed status=403 latency=0s
2026/05/22 22:47:14 INFO http_request method=GET path=/ws/feed status=403 latency=0s
2026/05/22 22:47:20 INFO http_request method=GET path=/ws/feed status=403 latency=569.2µs
2026/05/22 22:47:26 INFO http_request method=GET path=/ws/feed status=403 latency=1.2679ms
2026/05/22 22:47:29 INFO http_request method=GET path=/ws/feed status=403 latency=0s
2026/05/22 22:47:32 INFO http_request method=OPTIONS path=/auth/refresh status=204 latency=0s
2026/05/22 22:47:32 INFO http_request method=POST path=/auth/refresh status=200 latency=176.2494ms
2026/05/22 22:47:33 INFO http_request method=GET path=/ws/feed status=403 latency=575.2µs
2026/05/22 22:47:35 INFO http_request method=POST path=/auth/refresh status=200 latency=163.4556ms
2026/05/22 22:47:35 INFO http_request method=OPTIONS path=/feed/trending status=204 latency=0s
2026/05/22 22:47:35 INFO http_request method=POST path=/feed/trending status=200 latency=4.9529ms
2026/05/22 22:47:35 INFO http_request method=GET path=/posts/attachments/:id status=200 latency=2.5224ms
2026/05/22 22:47:35 INFO http_request method=GET path=/posts/attachments/:id status=200 latency=39.8249ms
2026/05/22 22:47:38 INFO http_request method=OPTIONS path=/auth/refresh status=204 latency=0s
2026/05/22 22:47:38 INFO http_request method=POST path=/auth/refresh status=200 latency=165.7898ms
2026/05/22 22:47:39 INFO http_request method=GET path=/ws/feed status=403 latency=522.2µs
2026/05/22 22:47:39 INFO http_request method=POST path=/auth/refresh status=200 latency=162.5518ms
2026/05/22 22:47:44 INFO http_request method=GET path=/ws/feed status=403 latency=540.5µs
2026/05/22 22:47:49 INFO http_request method=GET path=/ws/feed status=403 latency=0s
2026/05/22 22:47:54 INFO http_request method=GET path=/ws/feed status=403 latency=525.6µs
2026/05/22 22:47:59 INFO http_request method=GET path=/ws/feed status=403 latency=496µs
2026/05/22 22:48:05 INFO http_request method=GET path=/ws/feed status=403 latency=623.5µs
2026/05/22 22:48:11 INFO http_request method=GET path=/ws/feed status=403 latency=1.1702ms
2026/05/22 22:48:16 INFO http_request method=GET path=/ws/feed status=403 latency=474.9µs
2026/05/22 22:48:19 INFO http_request method=GET path=/ws/feed status=403 latency=515µs
2026/05/22 22:48:23 INFO http_request method=GET path=/ws/feed status=403 latency=487.5µs
2026/05/22 22:48:26 INFO http_request method=GET path=/ws/feed status=403 latency=517.8µs
2026/05/22 22:48:33 INFO http_request method=GET path=/ws/feed status=403 latency=518.9µs
2026/05/22 22:48:39 INFO http_request method=GET path=/ws/feed status=403 latency=666.1µs
2026/05/22 22:48:42 INFO http_request method=GET path=/ws/feed status=403 latency=651µs
2026/05/22 22:48:47 INFO http_request method=GET path=/ws/feed status=403 latency=0s
2026/05/22 22:48:51 INFO http_request method=GET path=/ws/feed status=403 latency=503.8µs
2026/05/22 22:48:57 INFO http_request method=GET path=/ws/feed status=403 latency=458.3µs
2026/05/22 22:49:02 INFO http_request method=GET path=/ws/feed status=403 latency=862.9µs
2026/05/22 22:49:07 INFO http_request method=GET path=/ws/feed status=403 latency=0s
2026/05/22 22:49:11 INFO http_request method=GET path=/ws/feed status=403 latency=0s
2026/05/22 22:49:16 INFO http_request method=GET path=/ws/feed status=403 latency=508.6µs
2026/05/22 22:49:22 INFO http_request method=GET path=/ws/feed status=403 latency=535.6µs
2026/05/22 22:49:25 INFO http_request method=GET path=/ws/feed status=403 latency=591.3µs
2026/05/22 22:49:28 INFO http_request method=GET path=/ws/feed status=403 latency=513.3µs
2026/05/22 22:49:32 INFO http_request method=GET path=/ws/feed status=403 latency=358.8µs
2026/05/22 22:49:36 INFO http_request method=GET path=/ws/feed status=403 latency=0s
2026/05/22 22:49:39 INFO http_request method=GET path=/ws/feed status=403 latency=524.8µs
2026/05/22 22:49:43 INFO http_request method=GET path=/ws/feed status=403 latency=597.9µs
2026/05/22 22:49:47 INFO http_request method=GET path=/ws/feed status=403 latency=0s
2026/05/22 22:49:52 INFO http_request method=GET path=/ws/feed status=403 latency=0s
2026/05/22 22:49:58 INFO http_request method=GET path=/ws/feed status=403 latency=587.6µs
2026/05/22 22:50:03 INFO http_request method=GET path=/ws/feed status=403 latency=622.9µs
2026/05/22 22:50:09 INFO http_request method=GET path=/ws/feed status=403 latency=528.6µs
2026/05/22 22:50:14 INFO http_request method=GET path=/ws/feed status=403 latency=481.9µs
2026/05/22 22:50:18 INFO http_request method=GET path=/ws/feed status=403 latency=534.8µs
2026/05/22 22:50:25 INFO http_request method=GET path=/ws/feed status=403 latency=0s
2026/05/22 22:50:31 INFO http_request method=GET path=/ws/feed status=403 latency=0s
2026/05/22 22:50:37 INFO http_request method=GET path=/ws/feed status=403 latency=398.8µs
2026/05/22 22:50:38 INFO http_request method=GET path=/ws/feed status=403 latency=0s
2026/05/22 22:50:40 INFO http_request method=GET path=/ws/feed status=403 latency=0s
2026/05/22 22:50:41 INFO http_request method=GET path=/ws/feed status=403 latency=522.1µs
2026/05/22 22:50:43 INFO http_request method=GET path=/ws/feed status=403 latency=505.2µs
2026/05/22 22:50:44 INFO http_request method=GET path=/ws/feed status=403 latency=1.0044ms
2026/05/22 22:50:46 INFO http_request method=GET path=/ws/feed status=403 latency=546.9µs
2026/05/22 22:50:47 INFO http_request method=GET path=/ws/feed status=403 latency=0s
2026/05/22 22:50:49 INFO http_request method=GET path=/ws/feed status=403 latency=0s
2026/05/22 22:50:50 INFO http_request method=GET path=/ws/feed status=403 latency=915.3µs
2026/05/22 22:50:52 INFO http_request method=GET path=/ws/feed status=403 latency=492.3µs
2026/05/22 22:50:53 INFO http_request method=GET path=/ws/feed status=403 latency=0s
2026/05/22 22:50:55 INFO http_request method=GET path=/ws/feed status=403 latency=0s
2026/05/22 22:50:57 INFO http_request method=GET path=/ws/feed status=403 latency=1.0577ms
2026/05/22 22:50:58 INFO http_request method=GET path=/ws/feed status=403 latency=537.3µs
2026/05/22 22:51:00 INFO http_request method=OPTIONS path=/auth/refresh status=204 latency=0s
2026/05/22 22:51:00 INFO http_request method=POST path=/auth/refresh status=200 latency=169.7642ms
2026/05/22 22:51:01 INFO http_request method=GET path=/ws/feed status=403 latency=0s
2026/05/22 22:51:05 INFO http_request method=GET path=/ws/feed status=403 latency=862.2µs
2026/05/22 22:51:11 INFO http_request method=GET path=/ws/feed status=403 latency=752.4µs
2026/05/22 22:51:15 INFO http_request method=GET path=/ws/feed status=403 latency=0s
2026/05/22 22:51:19 INFO http_request method=GET path=/ws/feed status=403 latency=0s
2026/05/22 22:51:24 INFO http_request method=OPTIONS path=/posts status=204 latency=0s
2026/05/22 22:51:24 INFO http_request method=POST path=/posts status=201 latency=88.068ms pseudonym=echo-cloud-956
2026/05/22 22:51:24 INFO http_request method=GET path=/posts/attachments/:id status=200 latency=2.0018ms
2026/05/22 22:51:26 INFO http_request method=GET path=/ws/feed status=403 latency=300.3µs
2026/05/22 22:51:31 INFO http_request method=GET path=/ws/feed status=403 latency=1.0072ms
2026/05/22 22:51:36 INFO http_request method=GET path=/ws/feed status=403 latency=468.4µs
2026/05/22 22:51:41 INFO http_request method=GET path=/ws/feed status=403 latency=946.3µs
2026/05/22 22:51:44 INFO http_request method=GET path=/ws/feed status=403 latency=0s
2026/05/22 22:51:50 INFO http_request method=GET path=/ws/feed status=403 latency=0s
2026/05/22 22:51:54 INFO http_request method=GET path=/ws/feed status=403 latency=0s
2026/05/22 22:52:00 INFO http_request method=GET path=/ws/feed status=403 latency=699.1µs
2026/05/22 22:52:05 INFO http_request method=GET path=/ws/feed status=403 latency=486.2µs
2026/05/22 22:52:10 INFO http_request method=GET path=/ws/feed status=403 latency=0s
2026/05/22 22:52:16 INFO http_request method=GET path=/ws/feed status=403 latency=513.9µs
2026/05/22 22:52:21 INFO http_request method=GET path=/ws/feed status=403 latency=605.1µs
2026/05/22 22:52:27 INFO http_request method=GET path=/ws/feed status=403 latency=0s
2026/05/22 22:52:33 INFO http_request method=GET path=/ws/feed status=403 latency=490.9µs
